<?xml version="1.0" encoding="UTF-8"?>
<!-- Generated by org.testng.reporters.JUnitReportReporter -->
<testsuite hostname="DESKTOP-D1M9H04" failures="0" tests="1" name="testCases.LoginUsingPageFactoryWithoutAnnotations" time="12.614" errors="0" timestamp="2024-01-02T01:25:34 IST" skipped="0">
  <testcase classname="testCases.LoginUsingPageFactoryWithoutAnnotations" name="loginTestCase" time="12.614"/>
</testsuite> <!-- testCases.LoginUsingPageFactoryWithoutAnnotations -->
