<?xml version="1.0" encoding="UTF-8"?>
<!-- Generated by org.testng.reporters.JUnitReportReporter -->
<testsuite hostname="DESKTOP-D1M9H04" failures="0" tests="1" name="testCases.LoginTestcase" time="22.569" errors="0" timestamp="2024-01-02T01:16:00 IST" skipped="0">
  <testcase classname="testCases.LoginTestcase" name="oginTestCase" time="22.569"/>
</testsuite> <!-- testCases.LoginTestcase -->
